This is pdfTeX, Version 3.14159265-2.6-1.40.21 (MiKTeX 2.9.7400 64-bit) (preloaded format=pdflatex 2020.10.10)  31 OCT 2020 14:48
entering extended mode
**./Brief.tex
(Brief.tex
LaTeX2e <2020-02-02> patch level 5
L3 programming layer <2020-04-06>
("C:\Program Files\MiKTeX 2.9\tex/latex/koma-script\scrlttr2.cls"
Document Class: scrlttr2 2020/04/19 v3.30 KOMA-Script document class (letter)
("C:\Program Files\MiKTeX 2.9\tex/latex/koma-script\scrkbase.sty"
Package: scrkbase 2020/04/19 v3.30 KOMA-Script package (KOMA-Script-dependent b
asics and keyval usage)

("C:\Program Files\MiKTeX 2.9\tex/latex/koma-script\scrbase.sty"
Package: scrbase 2020/04/19 v3.30 KOMA-Script package (KOMA-Script-independent 
basics and keyval usage)

("C:\Program Files\MiKTeX 2.9\tex/latex/graphics\keyval.sty"
Package: keyval 2014/10/28 v1.15 key=value parser (DPC)
\KV@toks@=\toks15
)
("C:\Program Files\MiKTeX 2.9\tex/latex/koma-script\scrlfile.sty"
Package: scrlfile 2020/04/19 v3.30 KOMA-Script package (loading files)
)))
Package scrlttr2 Info: You've used standard option `12pt'.
(scrlttr2)             This is correct!
(scrlttr2)             Internally I'm using `fontsize=12pt'.
(scrlttr2)             If you'd like to set the option with \KOMAoptions,
(scrlttr2)             you'd have to use `fontsize=12pt' there
(scrlttr2)             instead of `12pt', too.
Class scrlttr2 Info: File `scrsize12pt.clo' used to setup font sizes on input l
ine 1888.

("C:\Program Files\MiKTeX 2.9\tex/latex/koma-script\scrsize12pt.clo"
File: scrsize12pt.clo 2020/04/19 v3.30 KOMA-Script font size class option (12pt
)
)
("C:\Program Files\MiKTeX 2.9\tex/latex/koma-script\typearea.sty"
Package: typearea 2020/04/19 v3.30 KOMA-Script package (type area)
\ta@bcor=\skip47
\ta@div=\count167
\ta@hblk=\skip48
\ta@vblk=\skip49
\ta@temp=\skip50
\footheight=\skip51
Package typearea Info: These are the values describing the layout:
(typearea)             DIV  = 12
(typearea)             BCOR = 0.0pt
(typearea)             \paperwidth      = 597.50793pt
(typearea)              \textwidth      = 448.13095pt
(typearea)              DIV departure   = -6%
(typearea)              \evensidemargin = 2.4185pt
(typearea)              \oddsidemargin  = 2.4185pt
(typearea)             \paperheight     = 845.04694pt
(typearea)              \textheight     = 635.5pt
(typearea)              \topmargin      = -41.72441pt
(typearea)              \headheight     = 18.125pt
(typearea)              \headsep        = 21.75pt
(typearea)              \topskip        = 12.0pt
(typearea)              \footskip       = 50.75pt
(typearea)              \baselineskip   = 14.5pt
(typearea)              on input line 1738.
)
\c@letter=\count168
)
Class scrlttr2 Info: Letter-Class-Option `DIN' loaded on input line 3.

("C:\Program Files\MiKTeX 2.9\tex/latex/koma-script\DIN.lco"
File: DIN.lco 2020/04/19 v3.30 KOMA-Script letter-class-option
)
("C:\Program Files\MiKTeX 2.9\tex/latex/base\inputenc.sty"
Package: inputenc 2018/08/11 v1.3c Input encoding file
\inpenc@prehook=\toks16
\inpenc@posthook=\toks17
)
("C:\Program Files\MiKTeX 2.9\tex/latex/base\fontenc.sty"
Package: fontenc 2020/02/11 v2.0o Standard LaTeX package
)
("C:\Program Files\MiKTeX 2.9\tex/generic/babel\babel.sty"
Package: babel 2020/03/22 3.42 The Babel package

("C:\Program Files\MiKTeX 2.9\tex/generic/babel\switch.def"
File: switch.def 2020/03/22 3.42 Babel switching mechanism
)
*************************************
* Local config file bblopts.cfg used
*
("C:\Program Files\MiKTeX 2.9\tex/latex/arabi\bblopts.cfg"
File: bblopts.cfg 2005/09/08 v0.1 add Arabic and Farsi to "declared" options of
 babel
)
("C:\Program Files\MiKTeX 2.9\tex/latex/babel-german\ngerman.ldf"
Language: ngerman 2020/07/21 v2.12 German support for babel (post-1996 orthogra
phy)

("C:\Program Files\MiKTeX 2.9\tex/latex/babel-german\ngermanb.ldf"
Language: ngermanb 2020/07/21 v2.12 German support for babel (post-1996 orthogr
aphy)

("C:\Program Files\MiKTeX 2.9\tex/generic/babel\babel.def"
File: babel.def 2020/03/22 3.42 Babel common definitions
\babel@savecnt=\count169
\U@D=\dimen134

("C:\Program Files\MiKTeX 2.9\tex/generic/babel\txtbabel.def")
\bbl@readstream=\read2
\bbl@dirlevel=\count170
)
Package babel Info: Making " an active character on input line 121.
)))
("C:\Program Files\MiKTeX 2.9\tex/latex/blindtext\blindtext.sty"
Package: blindtext 2012/01/06 V2.0 blindtext-Package

("C:\Program Files\MiKTeX 2.9\tex/latex/tools\xspace.sty"
Package: xspace 2014/10/28 v1.13 Space after command names (DPC,MH)
)
\c@blindtext=\count171
\c@Blindtext=\count172
\c@blind@countparstart=\count173
\blind@countxx=\count174
\blindtext@numBlindtext=\count175
\blind@countyy=\count176
\c@blindlist=\count177
\c@blindlistlevel=\count178
\c@blindlist@level=\count179
\blind@listitem=\count180
\c@blind@listcount=\count181
\c@blind@levelcount=\count182
\blind@mathformula=\count183
\blind@Mathformula=\count184
\c@blind@randomcount=\count185
\c@blind@randommax=\count186
\c@blind@pangramcount=\count187
\c@blind@pangrammax=\count188
)
("C:\Program Files\MiKTeX 2.9\tex/latex/psnfss\palatino.sty"
Package: palatino 2020/03/25 PSNFSS-v9.3 (SPQR) 
)
("C:\Program Files\MiKTeX 2.9\tex/latex/l3backend\l3backend-pdfmode.def"
File: l3backend-pdfmode.def 2020-03-12 L3 backend support: PDF mode
\l__kernel_color_stack_int=\count189
\l__pdf_internal_box=\box45
)
(Brief.aux)
\openout1 = `Brief.aux'.

LaTeX Font Info:    Checking defaults for OML/cmm/m/it on input line 17.
LaTeX Font Info:    ... okay on input line 17.
LaTeX Font Info:    Checking defaults for OMS/cmsy/m/n on input line 17.
LaTeX Font Info:    ... okay on input line 17.
LaTeX Font Info:    Checking defaults for OT1/cmr/m/n on input line 17.
LaTeX Font Info:    ... okay on input line 17.
LaTeX Font Info:    Checking defaults for T1/cmr/m/n on input line 17.
LaTeX Font Info:    ... okay on input line 17.
LaTeX Font Info:    Checking defaults for TS1/cmr/m/n on input line 17.
LaTeX Font Info:    ... okay on input line 17.
LaTeX Font Info:    Checking defaults for OMX/cmex/m/n on input line 17.
LaTeX Font Info:    ... okay on input line 17.
LaTeX Font Info:    Checking defaults for U/cmr/m/n on input line 17.
LaTeX Font Info:    ... okay on input line 17.
LaTeX Font Info:    Trying to load font information for T1+ppl on input line 17
.
 ("C:\Program Files\MiKTeX 2.9\tex/latex/psnfss\t1ppl.fd"
File: t1ppl.fd 2001/06/04 font definitions for T1/ppl.
)
Class scrlttr2 Info: no date found for language `american'
(scrlttr2)           --> skipped on input line 17.
Class scrlttr2 Info: no date found for language `australian'
(scrlttr2)           --> skipped on input line 17.
Class scrlttr2 Info: no date found for language `british'
(scrlttr2)           --> skipped on input line 17.
Class scrlttr2 Info: no date found for language `canadian'
(scrlttr2)           --> skipped on input line 17.
Class scrlttr2 Info: no date found for language `newzealand'
(scrlttr2)           --> skipped on input line 17.
Class scrlttr2 Info: no date found for language `UKenglish'
(scrlttr2)           --> skipped on input line 17.
Class scrlttr2 Info: no date found for language `ukenglish'
(scrlttr2)           --> skipped on input line 17.
Class scrlttr2 Info: no date found for language `USenglish'
(scrlttr2)           --> skipped on input line 17.
Class scrlttr2 Info: no date found for language `usenglish'
(scrlttr2)           --> skipped on input line 17.
Package scrbase Info: activating ngerman \yourrefname on input line 17.
Package scrbase Info: activating ngerman \yourmailname on input line 17.
Package scrbase Info: activating ngerman \myrefname on input line 17.
Package scrbase Info: activating ngerman \customername on input line 17.
Package scrbase Info: activating ngerman \invoicename on input line 17.
Package scrbase Info: activating ngerman \subjectname on input line 17.
Package scrbase Info: activating ngerman \headfromname on input line 17.
Package scrbase Info: activating ngerman \datename on input line 17.
Package scrbase Info: activating ngerman \phonename on input line 17.
Package scrbase Info: activating ngerman \mobilephonename on input line 17.
Package scrbase Info: activating ngerman \faxname on input line 17.
Package scrbase Info: activating ngerman \emailname on input line 17.
Package scrbase Info: activating ngerman \wwwname on input line 17.
Package scrbase Info: activating ngerman \bankname on input line 17.
Class scrlttr2 Info: no date found for language `german'
(scrlttr2)           --> skipped on input line 17.
Class scrlttr2 Info: no date found for language `austrian'
(scrlttr2)           --> skipped on input line 17.
Class scrlttr2 Info: no date found for language `naustrian'
(scrlttr2)           --> skipped on input line 17.
Class scrlttr2 Info: no date found for language `swissgerman'
(scrlttr2)           --> skipped on input line 17.
Class scrlttr2 Info: no date found for language `nswissgerman'
(scrlttr2)           --> skipped on input line 17.
Class scrlttr2 Info: no date found for language `acadian'
(scrlttr2)           --> skipped on input line 17.
Class scrlttr2 Info: no date found for language `canadien'
(scrlttr2)           --> skipped on input line 17.
Class scrlttr2 Info: no date found for language `francais'
(scrlttr2)           --> skipped on input line 17.
Class scrlttr2 Info: no date found for language `french'
(scrlttr2)           --> skipped on input line 17.
Class scrlttr2 Info: no date found for language `italian'
(scrlttr2)           --> skipped on input line 17.
Class scrlttr2 Info: no date found for language `spanish'
(scrlttr2)           --> skipped on input line 17.
Class scrlttr2 Info: no date found for language `croatian'
(scrlttr2)           --> skipped on input line 17.
Class scrlttr2 Info: no date found for language `dutch'
(scrlttr2)           --> skipped on input line 17.
Class scrlttr2 Info: no date found for language `finnish'
(scrlttr2)           --> skipped on input line 17.
Class scrlttr2 Info: no date found for language `norsk'
(scrlttr2)           --> skipped on input line 17.
Class scrlttr2 Info: no date found for language `swedish'
(scrlttr2)           --> skipped on input line 17.
Class scrlttr2 Info: no date found for language `polish'
(scrlttr2)           --> skipped on input line 17.
Class scrlttr2 Info: no date found for language `czech'
(scrlttr2)           --> skipped on input line 17.
Class scrlttr2 Info: no date found for language `slovak'
(scrlttr2)           --> skipped on input line 17.
Class scrlttr2 Info: trying to activate captions and date
(scrlttr2)           of language `ngerman' on input line 17.
Class scrlttr2 Info: used language is `ngerman'.
(scrlttr2)           Supported languages are: `english', `UKenglish',
(scrlttr2)           `ukenglish', `british', `american', `USenglish',
(scrlttr2)           `usenglish', `australian`,`canadian', `newzealand',
(scrlttr2)           `german', `ngerman', `austrian', `naustrian',
(scrlttr2)           `swissgerman', `nswissgermsn',
(scrlttr2)           `acadian', `canadien', `francais', `french', 
(scrlttr2)           `dutch', `italian', `spanish', `polish',
(scrlttr2)           `croatian', `finnish', `norsk', `swedish',
(scrlttr2)           `czech', `slovak' on input line 17.

Foldmarks: yes
Head of first page
Foot of first page
Address (backaddress, addressee)
LaTeX Font Info:    External font `cmex10' loaded for size
(Font)              <12> on input line 20.
LaTeX Font Info:    External font `cmex10' loaded for size
(Font)              <8> on input line 20.
LaTeX Font Info:    External font `cmex10' loaded for size
(Font)              <6> on input line 20.
LaTeX Font Info:    Trying to load font information for T1+phv on input line 20
.
("C:\Program Files\MiKTeX 2.9\tex/latex/psnfss\t1phv.fd"
File: t1phv.fd 2020/03/25 scalable font definitions for T1/phv.
)
Location field: empty
Title: no
Subject: before opening
[1



{C:/Users/Ann-Christin/AppData/Local/MiKTeX/2.9/pdftex/config/pdftex.map}]
[2] (Brief.aux) ) 
Here is how much of TeX's memory you used:
 2974 strings out of 480930
 47379 string characters out of 2909525
 391590 words of memory out of 3000000
 18844 multiletter control sequences out of 15000+200000
 544450 words of font info for 42 fonts, out of 3000000 for 9000
 1141 hyphenation exceptions out of 8191
 42i,9n,51p,279b,332s stack positions out of 5000i,500n,10000p,200000b,50000s
{C:/Program Files/MiKTeX 2.9/fonts/enc/dvips/base/8r.enc}<C:/P
rogram Files/MiKTeX 2.9/fonts/type1/urw/helvetic/uhvr8a.pfb><C:/Program Files/M
iKTeX 2.9/fonts/type1/urw/palatino/uplb8a.pfb><C:/Program Files/MiKTeX 2.9/font
s/type1/urw/palatino/uplr8a.pfb>
Output written on Brief.pdf (2 pages, 47098 bytes).
PDF statistics:
 22 PDF objects out of 1000 (max. 8388607)
 0 named destinations out of 1000 (max. 500000)
 1 words of extra memory for PDF output out of 10000 (max. 10000000)

